[2025-05-28 12:41:17] === New Payment Session Started ===
[2025-05-28 12:41:17] === REQUEST METHOD IS NOT POST ===
[2025-05-28 12:41:53] === New Payment Session Started ===
[2025-05-28 12:48:04] === New Payment Session Started ===
[2025-05-28 12:48:18] === New Payment Session Started ===
[2025-05-28 12:50:17] === New Payment Session Started ===
[2025-05-28 12:51:44] === New Payment Session Started ===
[2025-05-28 12:55:29] === New Payment Session Started ===
[2025-05-28 13:00:52] === New Payment Session Started ===
[2025-05-28 15:41:58] === New Payment Session Started ===
[2025-05-28 15:48:41] === New Payment Session Started ===
[2025-05-28 15:50:05] === New Payment Session Started ===
[2025-05-28 15:54:00] === New Payment Session Started ===
[2025-05-28 15:55:14] === New Payment Session Started ===
[2025-05-28 15:57:44] === New Payment Session Started ===
[2025-05-28 15:58:06] === New Payment Session Started ===
[2025-05-28 15:58:53] === New Payment Session Started ===
[2025-05-28 16:00:38] === New Payment Session Started ===
[2025-05-28 16:01:54] === New Payment Session Started ===
[2025-05-28 16:01:59] === New Payment Session Started ===
[2025-05-28 16:02:06] === New Payment Session Started ===
[2025-05-28 16:02:06] === New Payment Session Started ===
[2025-05-28 16:03:55] === New Payment Session Started ===
[2025-05-28 16:06:41] === New Payment Session Started ===
[2025-05-28 16:09:07] === New Payment Session Started ===
[2025-05-28 16:10:15] === New Payment Session Started ===
[2025-05-28 16:11:56] === New Payment Session Started ===
[2025-05-28 16:14:24] === New Payment Session Started ===
[2025-05-28 16:15:21] === New Payment Session Started ===
[2025-05-28 16:16:08] === New Payment Session Started ===
[2025-05-28 16:17:04] === New Payment Session Started ===
[2025-05-28 16:19:10] === New Payment Session Started ===
[2025-05-28 16:20:48] === New Payment Session Started ===
[2025-05-28 16:22:23] === New Payment Session Started ===
[2025-05-28 16:22:34] === New Payment Session Started ===
[2025-05-28 16:22:34] === PAYMENT FORM SUBMITTED ===
[2025-05-28 16:22:34] Save session only: YES
[2025-05-28 16:22:34] POST data: Array
(
    [first_name] => Khoi
    [last_name] => Vo
    [phone] => +843359966666
    [email] => lekhoizero@gmail.com
    [delivery_method] => store
    [payment_method] => momo
    [terms_checkbox] => 1
    [save_session_only] => 1
)

[2025-05-28 16:22:34] Session payment_info before processing: NOT SET
[2025-05-28 16:22:34] Extracted form data - First: Khoi, Last: Vo, Phone: +843359966666, Email: lekhoizero@gmail.com, Payment: momo
[2025-05-28 16:22:34] Validation errors: Array
(
)

[2025-05-28 16:22:34] Payment info saved to session: Array
(
    [first_name] => Khoi
    [last_name] => Vo
    [phone] => +843359966666
    [email] => lekhoizero@gmail.com
    [delivery_method] => store
    [payment_method] => momo
    [user_id] => 1
    [cart_items] => Array
        (
            [0] => Array
                (
                    [id] => 4
                    [user_id] => 1
                    [product_id] => 3
                    [product_name] => Vị Sài Gòn
                    [product_price] => 35000.00
                    [product_image] => assets/img/cf_p1_bg.png
                    [product_category] => Cà Phê
                    [product_variant] => 500ml
                    [quantity] => 1
                    [created_at] => 2025-05-28 21:06:36
                    [updated_at] => 2025-05-28 21:06:36
                )

        )

    [cart_total] => 35000.00
    [shipping_fee] => 0
    [discount_amount] => 0
    [total_amount] => 35000
    [payment_token] => 5681d6faef7f66b14e47ee9427c293b132f268f96b1df026c5afc9c7d6b46d83
)

[2025-05-28 16:22:41] === New Payment Session Started ===
[2025-05-28 16:22:46] === New Payment Session Started ===
[2025-05-28 16:22:52] === New Payment Session Started ===
[2025-05-28 16:22:52] === PAYMENT FORM SUBMITTED ===
[2025-05-28 16:22:52] Save session only: YES
[2025-05-28 16:22:52] POST data: Array
(
    [first_name] => Khoi
    [last_name] => Vo
    [phone] => +843359966666
    [email] => lekhoizero@gmail.com
    [delivery_method] => store
    [payment_method] => momo
    [terms_checkbox] => 1
    [save_session_only] => 1
)

[2025-05-28 16:22:52] Session payment_info before processing: Array
(
    [first_name] => Khoi
    [last_name] => Vo
    [phone] => +843359966666
    [email] => lekhoizero@gmail.com
    [delivery_method] => store
    [payment_method] => momo
    [user_id] => 1
    [cart_items] => Array
        (
            [0] => Array
                (
                    [id] => 4
                    [user_id] => 1
                    [product_id] => 3
                    [product_name] => Vị Sài Gòn
                    [product_price] => 35000.00
                    [product_image] => assets/img/cf_p1_bg.png
                    [product_category] => Cà Phê
                    [product_variant] => 500ml
                    [quantity] => 1
                    [created_at] => 2025-05-28 21:06:36
                    [updated_at] => 2025-05-28 21:06:36
                )

        )

    [cart_total] => 35000.00
    [shipping_fee] => 0
    [discount_amount] => 0
    [total_amount] => 35000
    [payment_token] => 5681d6faef7f66b14e47ee9427c293b132f268f96b1df026c5afc9c7d6b46d83
)

[2025-05-28 16:22:52] Extracted form data - First: Khoi, Last: Vo, Phone: +843359966666, Email: lekhoizero@gmail.com, Payment: momo
[2025-05-28 16:22:52] Validation errors: Array
(
)

[2025-05-28 16:22:52] Payment info saved to session: Array
(
    [first_name] => Khoi
    [last_name] => Vo
    [phone] => +843359966666
    [email] => lekhoizero@gmail.com
    [delivery_method] => store
    [payment_method] => momo
    [user_id] => 1
    [cart_items] => Array
        (
            [0] => Array
                (
                    [id] => 4
                    [user_id] => 1
                    [product_id] => 3
                    [product_name] => Vị Sài Gòn
                    [product_price] => 35000.00
                    [product_image] => assets/img/cf_p1_bg.png
                    [product_category] => Cà Phê
                    [product_variant] => 500ml
                    [quantity] => 1
                    [created_at] => 2025-05-28 21:06:36
                    [updated_at] => 2025-05-28 21:06:36
                )

        )

    [cart_total] => 35000.00
    [shipping_fee] => 0
    [discount_amount] => 0
    [total_amount] => 35000
    [payment_token] => 5681d6faef7f66b14e47ee9427c293b132f268f96b1df026c5afc9c7d6b46d83
)

[2025-05-28 16:23:09] === New Payment Session Started ===
[2025-05-28 16:23:23] === New Payment Session Started ===
[2025-05-28 16:23:31] === New Payment Session Started ===
[2025-05-28 16:23:31] === PAYMENT FORM SUBMITTED ===
[2025-05-28 16:23:31] Save session only: YES
[2025-05-28 16:23:31] POST data: Array
(
    [first_name] => Khoi
    [last_name] => Vo
    [phone] => +843359966666
    [email] => lekhoizero@gmail.com
    [delivery_method] => store
    [payment_method] => momo
    [terms_checkbox] => 1
    [save_session_only] => 1
)

[2025-05-28 16:23:31] Session payment_info before processing: Array
(
    [first_name] => Khoi
    [last_name] => Vo
    [phone] => +843359966666
    [email] => lekhoizero@gmail.com
    [delivery_method] => store
    [payment_method] => momo
    [user_id] => 1
    [cart_items] => Array
        (
            [0] => Array
                (
                    [id] => 4
                    [user_id] => 1
                    [product_id] => 3
                    [product_name] => Vị Sài Gòn
                    [product_price] => 35000.00
                    [product_image] => assets/img/cf_p1_bg.png
                    [product_category] => Cà Phê
                    [product_variant] => 500ml
                    [quantity] => 1
                    [created_at] => 2025-05-28 21:06:36
                    [updated_at] => 2025-05-28 21:06:36
                )

        )

    [cart_total] => 35000.00
    [shipping_fee] => 0
    [discount_amount] => 0
    [total_amount] => 35000
    [payment_token] => 5681d6faef7f66b14e47ee9427c293b132f268f96b1df026c5afc9c7d6b46d83
)

[2025-05-28 16:23:31] Extracted form data - First: Khoi, Last: Vo, Phone: +843359966666, Email: lekhoizero@gmail.com, Payment: momo
[2025-05-28 16:23:31] Validation errors: Array
(
)

[2025-05-28 16:23:31] Payment info saved to session: Array
(
    [first_name] => Khoi
    [last_name] => Vo
    [phone] => +843359966666
    [email] => lekhoizero@gmail.com
    [delivery_method] => store
    [payment_method] => momo
    [user_id] => 1
    [cart_items] => Array
        (
            [0] => Array
                (
                    [id] => 4
                    [user_id] => 1
                    [product_id] => 3
                    [product_name] => Vị Sài Gòn
                    [product_price] => 35000.00
                    [product_image] => assets/img/cf_p1_bg.png
                    [product_category] => Cà Phê
                    [product_variant] => 500ml
                    [quantity] => 1
                    [created_at] => 2025-05-28 21:06:36
                    [updated_at] => 2025-05-28 21:06:36
                )

        )

    [cart_total] => 35000.00
    [shipping_fee] => 0
    [discount_amount] => 0
    [total_amount] => 35000
    [payment_token] => 5681d6faef7f66b14e47ee9427c293b132f268f96b1df026c5afc9c7d6b46d83
)

