[2025-05-28 16:16:08] Starting MoMo payment process
[2025-05-28 16:16:08] Error: Không tìm thấy thông tin thanh toán
[2025-05-28 16:22:34] Starting MoMo payment process
[2025-05-28 16:22:34] Payment amount: 35000
[2025-05-28 16:22:34] Order ID: 1748442154
[2025-05-28 16:22:34] Order Info: Thanh toan don hang Sunkissed #1748442154
[2025-05-28 16:22:34] Signature created successfully
[2025-05-28 16:22:34] Request data prepared: {"partnerCode":"MOMOBKUN20180529","partnerName":"Sunkissed","storeId":"SunkissedStore","requestId":1748442154,"amount":35000,"orderId":1748442154,"orderInfo":"Thanh toan don hang Sunkissed #1748442154","redirectUrl":"http:\/\/localhost\\\/payment_return.php","ipnUrl":"http:\/\/localhost\\\/momo_ipn.php","lang":"vi","extraData":"","requestType":"captureWallet","signature":"3bb1364695b16de0e45ddf4bc4c0078eae1028ae27b78dbb0c44fe9c849889ba"}
[2025-05-28 16:22:35] MoMo response: {"partnerCode":"MOMOBKUN20180529","orderId":"1748442154","requestId":"1748442154","amount":35000,"responseTime":1748442156684,"message":"Thành công.","resultCode":0,"payUrl":"https://test-payment.momo.vn/v2/gateway/pay?t=TU9NT0JLVU4yMDE4MDUyOXwxNzQ4NDQyMTU0&s=c402252e8a25661cfb65b9ac88a13dfce78ce6d7edb042d869d47886762773a5","deeplink":"momo://app?action=payWithApp&isScanQR=false&serviceType=app&sid=TU9NT0JLVU4yMDE4MDUyOXwxNzQ4NDQyMTU0&v=3.0","qrCodeUrl":"00020101021226110007vn.momo38630010A000000727013300069704180119MMP25148000000000350208QRIBFTTA53037045405350005802VN62480515MMThycpFUGOj3QR0825Thanh toan don hang Sunki63043BCD","applink":"https://test-applinks.momo.vn/payment/v2?action=payWithApp&isScanQR=false&serviceType=app&sid=TU9NT0JLVU4yMDE4MDUyOXwxNzQ4NDQyMTU0&v=3.0&deeplinkCallback=http%3A%2F%2Flocalhost%5C%2Fpayment_return.php&callBackUrl=http%3A%2F%2Flocalhost%5C%2Fpayment_return.php","deeplinkMiniApp":"momo://app?action=payWithApp&isScanQR=false&serviceType=miniapp&sid=TU9NT0JLVU4yMDE4MDUyOXwxNzQ4NDQyMTU0&v=3.0","signature":"34fe4c93b7eb2ce874a40dcc62b329465aed469b439c7aca29432ce15b680c53"}
[2025-05-28 16:22:35] Payment URL received, redirecting...
[2025-05-28 16:22:52] Starting MoMo payment process
[2025-05-28 16:22:52] Payment amount: 35000
[2025-05-28 16:22:52] Order ID: 1748442172
[2025-05-28 16:22:52] Order Info: Thanh toan don hang Sunkissed #1748442172
[2025-05-28 16:22:52] Signature created successfully
[2025-05-28 16:22:52] Request data prepared: {"partnerCode":"MOMOBKUN20180529","partnerName":"Sunkissed","storeId":"SunkissedStore","requestId":1748442172,"amount":35000,"orderId":1748442172,"orderInfo":"Thanh toan don hang Sunkissed #1748442172","redirectUrl":"http:\/\/localhost\\\/payment_return.php","ipnUrl":"http:\/\/localhost\\\/momo_ipn.php","lang":"vi","extraData":"","requestType":"captureWallet","signature":"302d9a79dc693a18420c02050052972e6b88448ba5ba227e9e2c57d6b955dbe3"}
[2025-05-28 16:22:53] MoMo response: {"partnerCode":"MOMOBKUN20180529","orderId":"1748442172","requestId":"1748442172","amount":35000,"responseTime":1748442174647,"message":"Thành công.","resultCode":0,"payUrl":"https://test-payment.momo.vn/v2/gateway/pay?t=TU9NT0JLVU4yMDE4MDUyOXwxNzQ4NDQyMTcy&s=6dfefbfa373ad65b29766653e79c5f1185cb5ffa8f473be8dc65a0e6aad3206d","deeplink":"momo://app?action=payWithApp&isScanQR=false&serviceType=app&sid=TU9NT0JLVU4yMDE4MDUyOXwxNzQ4NDQyMTcy&v=3.0","qrCodeUrl":"00020101021226110007vn.momo38630010A000000727013300069704180119MMP25148000000000360208QRIBFTTA53037045405350005802VN62480515MMTgetWXO0EtvQR0825Thanh toan don hang Sunki63040239","applink":"https://test-applinks.momo.vn/payment/v2?action=payWithApp&isScanQR=false&serviceType=app&sid=TU9NT0JLVU4yMDE4MDUyOXwxNzQ4NDQyMTcy&v=3.0&deeplinkCallback=http%3A%2F%2Flocalhost%5C%2Fpayment_return.php&callBackUrl=http%3A%2F%2Flocalhost%5C%2Fpayment_return.php","deeplinkMiniApp":"momo://app?action=payWithApp&isScanQR=false&serviceType=miniapp&sid=TU9NT0JLVU4yMDE4MDUyOXwxNzQ4NDQyMTcy&v=3.0","signature":"a5e78802b0fbcaaa0977c9fcfe87c980f5b31442b6cdc359aa31d455ca7cfdce"}
[2025-05-28 16:22:53] Payment URL received, redirecting...
[2025-05-28 16:23:31] Starting MoMo payment process
[2025-05-28 16:23:31] Payment amount: 35000
[2025-05-28 16:23:31] Order ID: 1748442211
[2025-05-28 16:23:31] Order Info: Thanh toan don hang Sunkissed #1748442211
[2025-05-28 16:23:31] Signature created successfully
[2025-05-28 16:23:31] Request data prepared: {"partnerCode":"MOMOBKUN20180529","partnerName":"Sunkissed","storeId":"SunkissedStore","requestId":1748442211,"amount":35000,"orderId":1748442211,"orderInfo":"Thanh toan don hang Sunkissed #1748442211","redirectUrl":"http:\/\/localhost\\\/payment_return.php","ipnUrl":"http:\/\/localhost\\\/momo_ipn.php","lang":"vi","extraData":"","requestType":"captureWallet","signature":"178abb09e14d532e7b3eff17ff0956e3b4ce42a61f08c250ca07d03c3eb1bb0d"}
[2025-05-28 16:23:33] MoMo response: {"partnerCode":"MOMOBKUN20180529","orderId":"1748442211","requestId":"1748442211","amount":35000,"responseTime":1748442214768,"message":"Thành công.","resultCode":0,"payUrl":"https://test-payment.momo.vn/v2/gateway/pay?t=TU9NT0JLVU4yMDE4MDUyOXwxNzQ4NDQyMjEx&s=4382acb9a7e294c268f4a9d4714e988dfd977b9e5bab033900f3f9bca3b4cc0a","deeplink":"momo://app?action=payWithApp&isScanQR=false&serviceType=app&sid=TU9NT0JLVU4yMDE4MDUyOXwxNzQ4NDQyMjEx&v=3.0","qrCodeUrl":"00020101021226110007vn.momo38620010A00000072701320006970454011899MM25148O000003210208QRIBFTTA53037045405350005802VN62480515MMTcbFXmNjNK2QR0825Thanh toan don hang Sunki630487AB","applink":"https://test-applinks.momo.vn/payment/v2?action=payWithApp&isScanQR=false&serviceType=app&sid=TU9NT0JLVU4yMDE4MDUyOXwxNzQ4NDQyMjEx&v=3.0&deeplinkCallback=http%3A%2F%2Flocalhost%5C%2Fpayment_return.php&callBackUrl=http%3A%2F%2Flocalhost%5C%2Fpayment_return.php","deeplinkMiniApp":"momo://app?action=payWithApp&isScanQR=false&serviceType=miniapp&sid=TU9NT0JLVU4yMDE4MDUyOXwxNzQ4NDQyMjEx&v=3.0","signature":"8ced7aec8517ab2465f53a6a14c84d975269ae87fe132a0301db8705b2e82667"}
[2025-05-28 16:23:33] Payment URL received, redirecting...
